TN:
SF:C:\Users\bbbbr_000\Desktop\calc\controllers\calculadora.js
FN:1,(anonymous_1)
FN:4,(anonymous_2)
FN:17,(anonymous_3)
FN:26,(anonymous_4)
FN:32,(anonymous_5)
FN:38,(anonymous_6)
FN:44,(anonymous_7)
FN:50,(anonymous_8)
FN:56,(anonymous_9)
FN:64,(anonymous_10)
FN:70,(anonymous_11)
FN:76,(anonymous_12)
FN:83,(anonymous_13)
FN:89,(anonymous_14)
FN:95,(anonymous_15)
FN:101,(anonymous_16)
FN:107,(anonymous_17)
FN:114,(anonymous_18)
FN:120,(anonymous_19)
FN:134,(anonymous_20)
FN:148,(anonymous_21)
FN:157,(anonymous_22)
FN:171,(anonymous_23)
FN:207,(anonymous_24)
FN:252,(anonymous_25)
FN:319,(anonymous_26)
FN:327,(anonymous_27)
FN:342,(anonymous_28)
FN:346,(anonymous_29)
FN:350,(anonymous_30)
FN:354,(anonymous_31)
FN:358,(anonymous_32)
FN:365,(anonymous_33)
FNF:33
FNH:24
FNDA:1,(anonymous_1)
FNDA:2,(anonymous_2)
FNDA:3,(anonymous_3)
FNDA:7,(anonymous_4)
FNDA:2,(anonymous_5)
FNDA:5,(anonymous_6)
FNDA:5,(anonymous_7)
FNDA:1,(anonymous_8)
FNDA:1,(anonymous_9)
FNDA:1,(anonymous_10)
FNDA:1,(anonymous_11)
FNDA:1,(anonymous_12)
FNDA:1,(anonymous_13)
FNDA:1,(anonymous_14)
FNDA:1,(anonymous_15)
FNDA:1,(anonymous_16)
FNDA:1,(anonymous_17)
FNDA:1,(anonymous_18)
FNDA:0,(anonymous_19)
FNDA:1,(anonymous_20)
FNDA:1,(anonymous_21)
FNDA:1,(anonymous_22)
FNDA:1,(anonymous_23)
FNDA:1,(anonymous_24)
FNDA:1,(anonymous_25)
FNDA:0,(anonymous_26)
FNDA:0,(anonymous_27)
FNDA:0,(anonymous_28)
FNDA:0,(anonymous_29)
FNDA:0,(anonymous_30)
FNDA:0,(anonymous_31)
FNDA:0,(anonymous_32)
FNDA:0,(anonymous_33)
DA:1,1
DA:2,1
DA:5,2
DA:6,2
DA:10,2
DA:11,2
DA:13,2
DA:18,3
DA:19,3
DA:21,3
DA:23,3
DA:28,7
DA:29,7
DA:33,2
DA:34,2
DA:35,2
DA:39,5
DA:40,5
DA:41,5
DA:45,5
DA:46,5
DA:47,5
DA:51,1
DA:52,1
DA:53,1
DA:57,1
DA:58,1
DA:59,1
DA:65,1
DA:66,1
DA:67,1
DA:71,1
DA:72,1
DA:73,1
DA:77,1
DA:78,1
DA:79,1
DA:84,1
DA:85,1
DA:86,1
DA:90,1
DA:91,1
DA:92,1
DA:96,1
DA:97,1
DA:98,1
DA:102,1
DA:103,1
DA:104,1
DA:108,1
DA:110,1
DA:111,1
DA:115,1
DA:116,1
DA:117,1
DA:121,0
DA:122,0
DA:124,0
DA:127,0
DA:129,0
DA:131,0
DA:135,1
DA:136,1
DA:138,0
DA:141,1
DA:143,1
DA:145,1
DA:150,1
DA:151,1
DA:152,1
DA:153,1
DA:158,1
DA:159,1
DA:161,0
DA:164,1
DA:166,1
DA:168,1
DA:173,1
DA:174,1
DA:175,1
DA:176,1
DA:177,1
DA:178,1
DA:179,1
DA:180,1
DA:181,1
DA:182,1
DA:183,1
DA:184,1
DA:185,1
DA:186,1
DA:187,1
DA:188,1
DA:189,1
DA:190,1
DA:191,1
DA:192,1
DA:193,1
DA:194,1
DA:195,1
DA:196,1
DA:197,1
DA:198,1
DA:199,1
DA:200,1
DA:201,1
DA:202,1
DA:203,1
DA:204,1
DA:208,1
DA:209,1
DA:210,1
DA:211,1
DA:212,1
DA:213,1
DA:214,1
DA:215,1
DA:216,1
DA:217,1
DA:218,1
DA:219,1
DA:220,1
DA:221,1
DA:222,1
DA:223,1
DA:224,1
DA:225,1
DA:226,1
DA:227,1
DA:228,1
DA:229,1
DA:230,1
DA:231,1
DA:232,1
DA:233,1
DA:234,1
DA:235,1
DA:236,1
DA:237,1
DA:238,1
DA:239,1
DA:240,1
DA:241,1
DA:242,1
DA:243,1
DA:244,1
DA:245,1
DA:246,1
DA:247,1
DA:248,1
DA:249,1
DA:253,1
DA:254,1
DA:255,1
DA:256,1
DA:257,1
DA:258,1
DA:259,1
DA:260,1
DA:261,1
DA:262,1
DA:263,1
DA:264,1
DA:265,1
DA:266,1
DA:267,1
DA:268,1
DA:269,1
DA:270,1
DA:271,1
DA:272,1
DA:273,1
DA:274,1
DA:275,1
DA:276,1
DA:277,1
DA:278,1
DA:279,1
DA:280,1
DA:281,1
DA:282,1
DA:283,1
DA:284,1
DA:285,1
DA:286,1
DA:287,1
DA:288,1
DA:289,1
DA:290,1
DA:291,1
DA:292,1
DA:293,1
DA:294,1
DA:320,0
DA:321,0
DA:324,0
DA:328,0
DA:334,0
DA:335,0
DA:337,0
DA:343,0
DA:347,0
DA:351,0
DA:355,0
DA:359,0
DA:366,0
DA:367,0
DA:368,0
DA:370,0
DA:375,1
LF:210
LH:186
BRDA:122,1,0,0
BRDA:122,1,1,0
BRDA:127,2,0,0
BRDA:127,2,1,0
BRDA:136,3,0,0
BRDA:136,3,1,1
BRDA:141,4,0,1
BRDA:141,4,1,0
BRDA:159,5,0,0
BRDA:159,5,1,1
BRDA:164,6,0,1
BRDA:164,6,1,0
BRDA:320,7,0,0
BRDA:320,7,1,0
BRDA:320,8,0,0
BRDA:320,8,1,0
BRF:16
BRH:4
end_of_record
